<?xml version="1.0" encoding="utf-8" standalone="no"?>
<!--This file represents the results of running a test suite-->
<test-results name="C:\src\OpenEntity\OpenEntity.Specs\OpenEntity.Specs.csproj" total="1" errors="0" failures="0" not-run="0" inconclusive="0" ignored="0" skipped="0" invalid="0" date="2009-08-03" time="14:59:57">
  <environment nunit-version="2.5.1.9189" clr-version="2.0.50727.4918" os-version="Microsoft Windows NT 6.1.7100.0" platform="Win32NT" cwd="C:\src\OpenEntity\OpenEntity.Specs" machine-name="ODYSSEUS" user="jdaigle" user-domain="Odysseus" />
  <culture-info current-culture="en-US" current-uiculture="en-US" />
  <test-suite name="C:\src\OpenEntity\OpenEntity.Specs\OpenEntity.Specs.csproj" executed="True" success="True" time="0.765" asserts="0">
    <results>
      <test-suite name="C:\src\OpenEntity\OpenEntity.Specs\bin\Debug\OpenEntity.Specs.dll" executed="True" success="True" time="0.762" asserts="0">
        <results>
          <test-suite name="OpenEntity" executed="True" success="True" time="0.762" asserts="0">
            <results>
              <test-suite name="Specs" executed="True" success="True" time="0.762" asserts="0">
                <results>
                  <test-suite name="Repository" executed="True" success="True" time="0.762" asserts="0">
                    <results>
                      <test-suite name="Save" executed="True" success="True" time="0.759" asserts="0">
                        <results>
                          <test-case name="OpenEntity.Specs.Repository.Save.SavingNewObjectShouldInsert" executed="True" success="True" time="0.440" asserts="4" />
                        </results>
                      </test-suite>
                    </results>
                  </test-suite>
                </results>
              </test-suite>
            </results>
          </test-suite>
        </results>
      </test-suite>
    </results>
  </test-suite>
</test-results>